[2018-09-20 02:52:25] local.ERROR: PDOException: SQLSTATE[HY000] [2002] No such file or directory in /Applications/XAMPP/xamppfiles/htdocs/omsinfo/vendor/laravel/framework/src/Illuminate/Database/Connectors/Connector.php:119
Stack trace:
#0 /Applications/XAMPP/xamppfiles/htdocs/omsinfo/vendor/laravel/framework/src/Illuminate/Database/Connectors/Connector.php(119): PDO->__construct('mysql:host=;por...', 'root', '', Array)
#1 /Applications/XAMPP/xamppfiles/htdocs/omsinfo/vendor/laravel/framework/src/Illuminate/Database/Connectors/Connector.php(56): Illuminate\Database\Connectors\Connector->createPdoConnection('mysql:host=;por...', 'root', '', Array)
#2 /Applications/XAMPP/xamppfiles/htdocs/omsinfo/vendor/laravel/framework/src/Illuminate/Database/Connectors/MySqlConnector.php(24): Illuminate\Database\Connectors\Connector->createConnection('mysql:host=;por...', Array, Array)
#3 /Applications/XAMPP/xamppfiles/htdocs/omsinfo/vendor/laravel/framework/src/Illuminate/Database/Connectors/ConnectionFactory.php(126): Illuminate\Database\Connectors\MySqlConnector->connect(Array)
#4 [internal function]: Illuminate\Database\Connectors\ConnectionFactory->Illuminate\Database\Connectors\{closure}()
#5 /Applications/XAMPP/xamppfiles/htdocs/omsinfo/vendor/laravel/framework/src/Illuminate/Database/Connection.php(965): call_user_func(Object(Closure))
#6 /Applications/XAMPP/xamppfiles/htdocs/omsinfo/vendor/laravel/framework/src/Illuminate/Database/Connection.php(986): Illuminate\Database\Connection->getPdo()
#7 /Applications/XAMPP/xamppfiles/htdocs/omsinfo/vendor/laravel/framework/src/Illuminate/Database/Connection.php(423): Illuminate\Database\Connection->getReadPdo()
#8 /Applications/XAMPP/xamppfiles/htdocs/omsinfo/vendor/laravel/framework/src/Illuminate/Database/Connection.php(333): Illuminate\Database\Connection->getPdoForSelect(true)
#9 /Applications/XAMPP/xamppfiles/htdocs/omsinfo/vendor/laravel/framework/src/Illuminate/Database/Connection.php(763): Illuminate\Database\Connection->Illuminate\Database\{closure}(Object(Illuminate\Database\MySqlConnection), 'select * from `...', Array)
#10 /Applications/XAMPP/xamppfiles/htdocs/omsinfo/vendor/laravel/framework/src/Illuminate/Database/Connection.php(726): Illuminate\Database\Connection->runQueryCallback('select * from `...', Array, Object(Closure))
#11 /Applications/XAMPP/xamppfiles/htdocs/omsinfo/vendor/laravel/framework/src/Illuminate/Database/Connection.php(351): Illuminate\Database\Connection->run('select * from `...', Array, Object(Closure))
#12 /Applications/XAMPP/xamppfiles/htdocs/omsinfo/vendor/laravel/framework/src/Illuminate/Database/Query/Builder.php(1648): Illuminate\Database\Connection->select('select * from `...', Array, true)
#13 /Applications/XAMPP/xamppfiles/htdocs/omsinfo/vendor/laravel/framework/src/Illuminate/Database/Query/Builder.php(1634): Illuminate\Database\Query\Builder->runSelect()
#14 /Applications/XAMPP/xamppfiles/htdocs/omsinfo/vendor/laravel/framework/src/Illuminate/Database/Eloquent/Builder.php(638): Illuminate\Database\Query\Builder->get(Array)
#15 /Applications/XAMPP/xamppfiles/htdocs/omsinfo/vendor/laravel/framework/src/Illuminate/Database/Eloquent/Builder.php(327): Illuminate\Database\Eloquent\Builder->getModels(Array)
#16 /Applications/XAMPP/xamppfiles/htdocs/omsinfo/vendor/laravel/framework/src/Illuminate/Database/Eloquent/Builder.php(297): Illuminate\Database\Eloquent\Builder->get(Array)
#17 /Applications/XAMPP/xamppfiles/htdocs/omsinfo/app/Providers/UserServiceProvider.php(119): Illuminate\Database\Eloquent\Builder->first()
#18 /Applications/XAMPP/xamppfiles/htdocs/omsinfo/app/Http/Controllers/Service/UserController.php(55): App\Providers\UserServiceProvider::userLogin(Array)
#19 [internal function]: App\Http\Controllers\Service\UserController->postUserLogin(Object(App\Http\Requests\Service\UserLoginRequest))
#20 /Applications/XAMPP/xamppfiles/htdocs/omsinfo/vendor/laravel/framework/src/Illuminate/Routing/Controller.php(55): call_user_func_array(Array, Array)
#21 /Applications/XAMPP/xamppfiles/htdocs/omsinfo/vendor/laravel/framework/src/Illuminate/Routing/ControllerDispatcher.php(44): Illuminate\Routing\Controller->callAction('postUserLogin', Array)
#22 /Applications/XAMPP/xamppfiles/htdocs/omsinfo/vendor/laravel/framework/src/Illuminate/Routing/Route.php(189): Illuminate\Routing\ControllerDispatcher->dispatch(Object(Illuminate\Routing\Route), Object(App\Http\Controllers\Service\UserController), 'postUserLogin')
#23 /Applications/XAMPP/xamppfiles/htdocs/omsinfo/vendor/laravel/framework/src/Illuminate/Routing/Route.php(144): Illuminate\Routing\Route->runController()
#24 /Applications/XAMPP/xamppfiles/htdocs/omsinfo/vendor/laravel/framework/src/Illuminate/Routing/Router.php(653): Illuminate\Routing\Route->run(Object(Illuminate\Http\Request))
#25 /Applications/XAMPP/xamppfiles/htdocs/omsinfo/vendor/laravel/framework/src/Illuminate/Routing/Pipeline.php(53): Illuminate\Routing\Router->Illuminate\Routing\{closure}(Object(Illuminate\Http\Request))
#26 /Applications/XAMPP/xamppfiles/htdocs/omsinfo/app/Http/Middleware/XSS.php(31): Illuminate\Routing\Pipeline->Illuminate\Routing\{closure}(Object(Illuminate\Http\Request))
#27 /Applications/XAMPP/xamppfiles/htdocs/omsinfo/vendor/laravel/framework/src/Illuminate/Pipeline/Pipeline.php(137): App\Http\Middleware\XSS->handle(Object(Illuminate\Http\Request), Object(Closure))
#28 /Applications/XAMPP/xamppfiles/htdocs/omsinfo/vendor/laravel/framework/src/Illuminate/Routing/Pipeline.php(33): Illuminate\Pipeline\Pipeline->Illuminate\Pipeline\{closure}(Object(Illuminate\Http\Request))
#29 /Applications/XAMPP/xamppfiles/htdocs/omsinfo/vendor/laravel/framework/src/Illuminate/Routing/Middleware/SubstituteBindings.php(41): Illuminate\Routing\Pipeline->Illuminate\Routing\{closure}(Object(Illuminate\Http\Request))
#30 /Applications/XAMPP/xamppfiles/htdocs/omsinfo/vendor/laravel/framework/src/Illuminate/Pipeline/Pipeline.php(137): Illuminate\Routing\Middleware\SubstituteBindings->handle(Object(Illuminate\Http\Request), Object(Closure))
#31 /Applications/XAMPP/xamppfiles/htdocs/omsinfo/vendor/laravel/framework/src/Illuminate/Routing/Pipeline.php(33): Illuminate\Pipeline\Pipeline->Illuminate\Pipeline\{closure}(Object(Illuminate\Http\Request))
#32 /Applications/XAMPP/xamppfiles/htdocs/omsinfo/vendor/laravel/framework/src/Illuminate/Routing/Middleware/ThrottleRequests.php(49): Illuminate\Routing\Pipeline->Illuminate\Routing\{closure}(Object(Illuminate\Http\Request))
#33 /Applications/XAMPP/xamppfiles/htdocs/omsinfo/vendor/laravel/framework/src/Illuminate/Pipeline/Pipeline.php(137): Illuminate\Routing\Middleware\ThrottleRequests->handle(Object(Illuminate\Http\Request), Object(Closure), '500', '1')
#34 /Applications/XAMPP/xamppfiles/htdocs/omsinfo/vendor/laravel/framework/src/Illuminate/Routing/Pipeline.php(33): Illuminate\Pipeline\Pipeline->Illuminate\Pipeline\{closure}(Object(Illuminate\Http\Request))
#35 /Applications/XAMPP/xamppfiles/htdocs/omsinfo/vendor/laravel/framework/src/Illuminate/Pipeline/Pipeline.php(104): Illuminate\Routing\Pipeline->Illuminate\Routing\{closure}(Object(Illuminate\Http\Request))
#36 /Applications/XAMPP/xamppfiles/htdocs/omsinfo/vendor/laravel/framework/src/Illuminate/Routing/Router.php(655): Illuminate\Pipeline\Pipeline->then(Object(Closure))
#37 /Applications/XAMPP/xamppfiles/htdocs/omsinfo/vendor/laravel/framework/src/Illuminate/Routing/Router.php(629): Illuminate\Routing\Router->runRouteWithinStack(Object(Illuminate\Routing\Route), Object(Illuminate\Http\Request))
#38 /Applications/XAMPP/xamppfiles/htdocs/omsinfo/vendor/laravel/framework/src/Illuminate/Routing/Router.php(607): Illuminate\Routing\Router->dispatchToRoute(Object(Illuminate\Http\Request))
#39 /Applications/XAMPP/xamppfiles/htdocs/omsinfo/vendor/laravel/framework/src/Illuminate/Foundation/Http/Kernel.php(268): Illuminate\Routing\Router->dispatch(Object(Illuminate\Http\Request))
#40 /Applications/XAMPP/xamppfiles/htdocs/omsinfo/vendor/laravel/framework/src/Illuminate/Routing/Pipeline.php(53): Illuminate\Foundation\Http\Kernel->Illuminate\Foundation\Http\{closure}(Object(Illuminate\Http\Request))
#41 /Applications/XAMPP/xamppfiles/htdocs/omsinfo/vendor/laravel/framework/src/Illuminate/Foundation/Http/Middleware/CheckForMaintenanceMode.php(46): Illuminate\Routing\Pipeline->Illuminate\Routing\{closure}(Object(Illuminate\Http\Request))
#42 /Applications/XAMPP/xamppfiles/htdocs/omsinfo/vendor/laravel/framework/src/Illuminate/Pipeline/Pipeline.php(137): Illuminate\Foundation\Http\Middleware\CheckForMaintenanceMode->handle(Object(Illuminate\Http\Request), Object(Closure))
#43 /Applications/XAMPP/xamppfiles/htdocs/omsinfo/vendor/laravel/framework/src/Illuminate/Routing/Pipeline.php(33): Illuminate\Pipeline\Pipeline->Illuminate\Pipeline\{closure}(Object(Illuminate\Http\Request))
#44 /Applications/XAMPP/xamppfiles/htdocs/omsinfo/vendor/laravel/framework/src/Illuminate/Pipeline/Pipeline.php(104): Illuminate\Routing\Pipeline->Illuminate\Routing\{closure}(Object(Illuminate\Http\Request))
#45 /Applications/XAMPP/xamppfiles/htdocs/omsinfo/vendor/laravel/framework/src/Illuminate/Foundation/Http/Kernel.php(150): Illuminate\Pipeline\Pipeline->then(Object(Closure))
#46 /Applications/XAMPP/xamppfiles/htdocs/omsinfo/vendor/laravel/framework/src/Illuminate/Foundation/Http/Kernel.php(117): Illuminate\Foundation\Http\Kernel->sendRequestThroughRouter(Object(Illuminate\Http\Request))
#47 /Applications/XAMPP/xamppfiles/htdocs/omsinfo/public/index.php(52): Illuminate\Foundation\Http\Kernel->handle(Object(Illuminate\Http\Request))
#48 {main}  
[2018-09-20 02:52:25] local.ERROR: There is some exception in /Applications/XAMPP/xamppfiles/htdocs/omsinfo/vendor/laravel/framework/src/Illuminate/Database/Connection.php on line no: 770 Message: SQLSTATE[HY000] [2002] No such file or directory (SQL: select * from `users` where (`email` = sudhanshu.barola@gmail.com or `mobile_number` = sudhanshu.barola@gmail.com) and `users`.`deleted_at` is null limit 1)  
[2019-01-17 16:47:39] local.ERROR: Symfony\Component\Debug\Exception\FatalErrorException: Allowed memory size of 134217728 bytes exhausted (tried to allocate 130027520 bytes) in /Applications/XAMPP/xamppfiles/htdocs/omsinfo/app/Http/Middleware/RedirectIfAuthenticated.php:20
Stack trace:
#0 {main}  
[2019-01-17 16:48:28] local.ERROR: Symfony\Component\Debug\Exception\FatalErrorException: Allowed memory size of 134217728 bytes exhausted (tried to allocate 130027520 bytes) in /Applications/XAMPP/xamppfiles/htdocs/omsinfo/app/Http/Middleware/RedirectIfAuthenticated.php:20
Stack trace:
#0 {main}  
[2019-01-17 17:46:00] local.ERROR: Symfony\Component\Debug\Exception\FatalThrowableError: Undefined class constant 'IS_USER' in /Applications/XAMPP/xamppfiles/htdocs/omsinfo/app/Models/User.php:87
Stack trace:
#0 /Applications/XAMPP/xamppfiles/htdocs/omsinfo/app/Providers/Admin/UserServiceProvider.php(136): App\Models\User->getUserList(Array)
#1 /Applications/XAMPP/xamppfiles/htdocs/omsinfo/app/Http/Controllers/Admin/UserController.php(50): App\Providers\Admin\UserServiceProvider::getUserList()
#2 [internal function]: App\Http\Controllers\Admin\UserController->getUserListAjax()
#3 /Applications/XAMPP/xamppfiles/htdocs/omsinfo/vendor/laravel/framework/src/Illuminate/Routing/Controller.php(55): call_user_func_array(Array, Array)
#4 /Applications/XAMPP/xamppfiles/htdocs/omsinfo/vendor/laravel/framework/src/Illuminate/Routing/ControllerDispatcher.php(44): Illuminate\Routing\Controller->callAction('getUserListAjax', Array)
#5 /Applications/XAMPP/xamppfiles/htdocs/omsinfo/vendor/laravel/framework/src/Illuminate/Routing/Route.php(189): Illuminate\Routing\ControllerDispatcher->dispatch(Object(Illuminate\Routing\Route), Object(App\Http\Controllers\Admin\UserController), 'getUserListAjax')
#6 /Applications/XAMPP/xamppfiles/htdocs/omsinfo/vendor/laravel/framework/src/Illuminate/Routing/Route.php(144): Illuminate\Routing\Route->runController()
#7 /Applications/XAMPP/xamppfiles/htdocs/omsinfo/vendor/laravel/framework/src/Illuminate/Routing/Router.php(653): Illuminate\Routing\Route->run(Object(Illuminate\Http\Request))
#8 /Applications/XAMPP/xamppfiles/htdocs/omsinfo/vendor/laravel/framework/src/Illuminate/Routing/Pipeline.php(53): Illuminate\Routing\Router->Illuminate\Routing\{closure}(Object(Illuminate\Http\Request))
#9 /Applications/XAMPP/xamppfiles/htdocs/omsinfo/app/Http/Middleware/Authenticate.php(28): Illuminate\Routing\Pipeline->Illuminate\Routing\{closure}(Object(Illuminate\Http\Request))
#10 /Applications/XAMPP/xamppfiles/htdocs/omsinfo/vendor/laravel/framework/src/Illuminate/Pipeline/Pipeline.php(137): App\Http\Middleware\Authenticate->handle(Object(Illuminate\Http\Request), Object(Closure))
#11 /Applications/XAMPP/xamppfiles/htdocs/omsinfo/vendor/laravel/framework/src/Illuminate/Routing/Pipeline.php(33): Illuminate\Pipeline\Pipeline->Illuminate\Pipeline\{closure}(Object(Illuminate\Http\Request))
#12 /Applications/XAMPP/xamppfiles/htdocs/omsinfo/app/Http/Middleware/Clickjacking.php(19): Illuminate\Routing\Pipeline->Illuminate\Routing\{closure}(Object(Illuminate\Http\Request))
#13 /Applications/XAMPP/xamppfiles/htdocs/omsinfo/vendor/laravel/framework/src/Illuminate/Pipeline/Pipeline.php(137): App\Http\Middleware\Clickjacking->handle(Object(Illuminate\Http\Request), Object(Closure))
#14 /Applications/XAMPP/xamppfiles/htdocs/omsinfo/vendor/laravel/framework/src/Illuminate/Routing/Pipeline.php(33): Illuminate\Pipeline\Pipeline->Illuminate\Pipeline\{closure}(Object(Illuminate\Http\Request))
#15 /Applications/XAMPP/xamppfiles/htdocs/omsinfo/vendor/laravel/framework/src/Illuminate/Routing/Middleware/SubstituteBindings.php(41): Illuminate\Routing\Pipeline->Illuminate\Routing\{closure}(Object(Illuminate\Http\Request))
#16 /Applications/XAMPP/xamppfiles/htdocs/omsinfo/vendor/laravel/framework/src/Illuminate/Pipeline/Pipeline.php(137): Illuminate\Routing\Middleware\SubstituteBindings->handle(Object(Illuminate\Http\Request), Object(Closure))
#17 /Applications/XAMPP/xamppfiles/htdocs/omsinfo/vendor/laravel/framework/src/Illuminate/Routing/Pipeline.php(33): Illuminate\Pipeline\Pipeline->Illuminate\Pipeline\{closure}(Object(Illuminate\Http\Request))
#18 /Applications/XAMPP/xamppfiles/htdocs/omsinfo/vendor/laravel/framework/src/Illuminate/View/Middleware/ShareErrorsFromSession.php(49): Illuminate\Routing\Pipeline->Illuminate\Routing\{closure}(Object(Illuminate\Http\Request))
#19 /Applications/XAMPP/xamppfiles/htdocs/omsinfo/vendor/laravel/framework/src/Illuminate/Pipeline/Pipeline.php(137): Illuminate\View\Middleware\ShareErrorsFromSession->handle(Object(Illuminate\Http\Request), Object(Closure))
#20 /Applications/XAMPP/xamppfiles/htdocs/omsinfo/vendor/laravel/framework/src/Illuminate/Routing/Pipeline.php(33): Illuminate\Pipeline\Pipeline->Illuminate\Pipeline\{closure}(Object(Illuminate\Http\Request))
#21 /Applications/XAMPP/xamppfiles/htdocs/omsinfo/vendor/laravel/framework/src/Illuminate/Session/Middleware/StartSession.php(64): Illuminate\Routing\Pipeline->Illuminate\Routing\{closure}(Object(Illuminate\Http\Request))
#22 /Applications/XAMPP/xamppfiles/htdocs/omsinfo/vendor/laravel/framework/src/Illuminate/Pipeline/Pipeline.php(137): Illuminate\Session\Middleware\StartSession->handle(Object(Illuminate\Http\Request), Object(Closure))
#23 /Applications/XAMPP/xamppfiles/htdocs/omsinfo/vendor/laravel/framework/src/Illuminate/Routing/Pipeline.php(33): Illuminate\Pipeline\Pipeline->Illuminate\Pipeline\{closure}(Object(Illuminate\Http\Request))
#24 /Applications/XAMPP/xamppfiles/htdocs/omsinfo/vendor/laravel/framework/src/Illuminate/Cookie/Middleware/AddQueuedCookiesToResponse.php(37): Illuminate\Routing\Pipeline->Illuminate\Routing\{closure}(Object(Illuminate\Http\Request))
#25 /Applications/XAMPP/xamppfiles/htdocs/omsinfo/vendor/laravel/framework/src/Illuminate/Pipeline/Pipeline.php(137): Illuminate\Cookie\Middleware\AddQueuedCookiesToResponse->handle(Object(Illuminate\Http\Request), Object(Closure))
#26 /Applications/XAMPP/xamppfiles/htdocs/omsinfo/vendor/laravel/framework/src/Illuminate/Routing/Pipeline.php(33): Illuminate\Pipeline\Pipeline->Illuminate\Pipeline\{closure}(Object(Illuminate\Http\Request))
#27 /Applications/XAMPP/xamppfiles/htdocs/omsinfo/vendor/laravel/framework/src/Illuminate/Cookie/Middleware/EncryptCookies.php(59): Illuminate\Routing\Pipeline->Illuminate\Routing\{closure}(Object(Illuminate\Http\Request))
#28 /Applications/XAMPP/xamppfiles/htdocs/omsinfo/vendor/laravel/framework/src/Illuminate/Pipeline/Pipeline.php(137): Illuminate\Cookie\Middleware\EncryptCookies->handle(Object(Illuminate\Http\Request), Object(Closure))
#29 /Applications/XAMPP/xamppfiles/htdocs/omsinfo/vendor/laravel/framework/src/Illuminate/Routing/Pipeline.php(33): Illuminate\Pipeline\Pipeline->Illuminate\Pipeline\{closure}(Object(Illuminate\Http\Request))
#30 /Applications/XAMPP/xamppfiles/htdocs/omsinfo/vendor/laravel/framework/src/Illuminate/Pipeline/Pipeline.php(104): Illuminate\Routing\Pipeline->Illuminate\Routing\{closure}(Object(Illuminate\Http\Request))
#31 /Applications/XAMPP/xamppfiles/htdocs/omsinfo/vendor/laravel/framework/src/Illuminate/Routing/Router.php(655): Illuminate\Pipeline\Pipeline->then(Object(Closure))
#32 /Applications/XAMPP/xamppfiles/htdocs/omsinfo/vendor/laravel/framework/src/Illuminate/Routing/Router.php(629): Illuminate\Routing\Router->runRouteWithinStack(Object(Illuminate\Routing\Route), Object(Illuminate\Http\Request))
#33 /Applications/XAMPP/xamppfiles/htdocs/omsinfo/vendor/laravel/framework/src/Illuminate/Routing/Router.php(607): Illuminate\Routing\Router->dispatchToRoute(Object(Illuminate\Http\Request))
#34 /Applications/XAMPP/xamppfiles/htdocs/omsinfo/vendor/laravel/framework/src/Illuminate/Foundation/Http/Kernel.php(268): Illuminate\Routing\Router->dispatch(Object(Illuminate\Http\Request))
#35 /Applications/XAMPP/xamppfiles/htdocs/omsinfo/vendor/laravel/framework/src/Illuminate/Routing/Pipeline.php(53): Illuminate\Foundation\Http\Kernel->Illuminate\Foundation\Http\{closure}(Object(Illuminate\Http\Request))
#36 /Applications/XAMPP/xamppfiles/htdocs/omsinfo/vendor/laravel/framework/src/Illuminate/Foundation/Http/Middleware/CheckForMaintenanceMode.php(46): Illuminate\Routing\Pipeline->Illuminate\Routing\{closure}(Object(Illuminate\Http\Request))
#37 /Applications/XAMPP/xamppfiles/htdocs/omsinfo/vendor/laravel/framework/src/Illuminate/Pipeline/Pipeline.php(137): Illuminate\Foundation\Http\Middleware\CheckForMaintenanceMode->handle(Object(Illuminate\Http\Request), Object(Closure))
#38 /Applications/XAMPP/xamppfiles/htdocs/omsinfo/vendor/laravel/framework/src/Illuminate/Routing/Pipeline.php(33): Illuminate\Pipeline\Pipeline->Illuminate\Pipeline\{closure}(Object(Illuminate\Http\Request))
#39 /Applications/XAMPP/xamppfiles/htdocs/omsinfo/vendor/laravel/framework/src/Illuminate/Pipeline/Pipeline.php(104): Illuminate\Routing\Pipeline->Illuminate\Routing\{closure}(Object(Illuminate\Http\Request))
#40 /Applications/XAMPP/xamppfiles/htdocs/omsinfo/vendor/laravel/framework/src/Illuminate/Foundation/Http/Kernel.php(150): Illuminate\Pipeline\Pipeline->then(Object(Closure))
#41 /Applications/XAMPP/xamppfiles/htdocs/omsinfo/vendor/laravel/framework/src/Illuminate/Foundation/Http/Kernel.php(117): Illuminate\Foundation\Http\Kernel->sendRequestThroughRouter(Object(Illuminate\Http\Request))
#42 /Applications/XAMPP/xamppfiles/htdocs/omsinfo/public/index.php(52): Illuminate\Foundation\Http\Kernel->handle(Object(Illuminate\Http\Request))
#43 {main}  
[2019-01-17 17:46:08] local.ERROR: PDOException: SQLSTATE[42S02]: Base table or view not found: 1146 Table 'omsinfo.reports' doesn't exist in /Applications/XAMPP/xamppfiles/htdocs/omsinfo/vendor/laravel/framework/src/Illuminate/Database/Connection.php:333
Stack trace:
#0 /Applications/XAMPP/xamppfiles/htdocs/omsinfo/vendor/laravel/framework/src/Illuminate/Database/Connection.php(333): PDO->prepare('select `reports...')
#1 /Applications/XAMPP/xamppfiles/htdocs/omsinfo/vendor/laravel/framework/src/Illuminate/Database/Connection.php(763): Illuminate\Database\Connection->Illuminate\Database\{closure}(Object(Illuminate\Database\MySqlConnection), 'select `reports...', Array)
#2 /Applications/XAMPP/xamppfiles/htdocs/omsinfo/vendor/laravel/framework/src/Illuminate/Database/Connection.php(726): Illuminate\Database\Connection->runQueryCallback('select `reports...', Array, Object(Closure))
#3 /Applications/XAMPP/xamppfiles/htdocs/omsinfo/vendor/laravel/framework/src/Illuminate/Database/Connection.php(351): Illuminate\Database\Connection->run('select `reports...', Array, Object(Closure))
#4 /Applications/XAMPP/xamppfiles/htdocs/omsinfo/vendor/laravel/framework/src/Illuminate/Database/Query/Builder.php(1648): Illuminate\Database\Connection->select('select `reports...', Array, true)
#5 /Applications/XAMPP/xamppfiles/htdocs/omsinfo/vendor/laravel/framework/src/Illuminate/Database/Query/Builder.php(1634): Illuminate\Database\Query\Builder->runSelect()
#6 /Applications/XAMPP/xamppfiles/htdocs/omsinfo/app/Models/Report.php(72): Illuminate\Database\Query\Builder->get()
#7 /Applications/XAMPP/xamppfiles/htdocs/omsinfo/app/Providers/Admin/UserServiceProvider.php(194): App\Models\Report->getReportList(Array)
#8 /Applications/XAMPP/xamppfiles/htdocs/omsinfo/app/Http/Controllers/Admin/UserController.php(98): App\Providers\Admin\UserServiceProvider::getReportList()
#9 [internal function]: App\Http\Controllers\Admin\UserController->getReportListAjax()
#10 /Applications/XAMPP/xamppfiles/htdocs/omsinfo/vendor/laravel/framework/src/Illuminate/Routing/Controller.php(55): call_user_func_array(Array, Array)
#11 /Applications/XAMPP/xamppfiles/htdocs/omsinfo/vendor/laravel/framework/src/Illuminate/Routing/ControllerDispatcher.php(44): Illuminate\Routing\Controller->callAction('getReportListAj...', Array)
#12 /Applications/XAMPP/xamppfiles/htdocs/omsinfo/vendor/laravel/framework/src/Illuminate/Routing/Route.php(189): Illuminate\Routing\ControllerDispatcher->dispatch(Object(Illuminate\Routing\Route), Object(App\Http\Controllers\Admin\UserController), 'getReportListAj...')
#13 /Applications/XAMPP/xamppfiles/htdocs/omsinfo/vendor/laravel/framework/src/Illuminate/Routing/Route.php(144): Illuminate\Routing\Route->runController()
#14 /Applications/XAMPP/xamppfiles/htdocs/omsinfo/vendor/laravel/framework/src/Illuminate/Routing/Router.php(653): Illuminate\Routing\Route->run(Object(Illuminate\Http\Request))
#15 /Applications/XAMPP/xamppfiles/htdocs/omsinfo/vendor/laravel/framework/src/Illuminate/Routing/Pipeline.php(53): Illuminate\Routing\Router->Illuminate\Routing\{closure}(Object(Illuminate\Http\Request))
#16 /Applications/XAMPP/xamppfiles/htdocs/omsinfo/app/Http/Middleware/Authenticate.php(28): Illuminate\Routing\Pipeline->Illuminate\Routing\{closure}(Object(Illuminate\Http\Request))
#17 /Applications/XAMPP/xamppfiles/htdocs/omsinfo/vendor/laravel/framework/src/Illuminate/Pipeline/Pipeline.php(137): App\Http\Middleware\Authenticate->handle(Object(Illuminate\Http\Request), Object(Closure))
#18 /Applications/XAMPP/xamppfiles/htdocs/omsinfo/vendor/laravel/framework/src/Illuminate/Routing/Pipeline.php(33): Illuminate\Pipeline\Pipeline->Illuminate\Pipeline\{closure}(Object(Illuminate\Http\Request))
#19 /Applications/XAMPP/xamppfiles/htdocs/omsinfo/app/Http/Middleware/Clickjacking.php(19): Illuminate\Routing\Pipeline->Illuminate\Routing\{closure}(Object(Illuminate\Http\Request))
#20 /Applications/XAMPP/xamppfiles/htdocs/omsinfo/vendor/laravel/framework/src/Illuminate/Pipeline/Pipeline.php(137): App\Http\Middleware\Clickjacking->handle(Object(Illuminate\Http\Request), Object(Closure))
#21 /Applications/XAMPP/xamppfiles/htdocs/omsinfo/vendor/laravel/framework/src/Illuminate/Routing/Pipeline.php(33): Illuminate\Pipeline\Pipeline->Illuminate\Pipeline\{closure}(Object(Illuminate\Http\Request))
#22 /Applications/XAMPP/xamppfiles/htdocs/omsinfo/vendor/laravel/framework/src/Illuminate/Routing/Middleware/SubstituteBindings.php(41): Illuminate\Routing\Pipeline->Illuminate\Routing\{closure}(Object(Illuminate\Http\Request))
#23 /Applications/XAMPP/xamppfiles/htdocs/omsinfo/vendor/laravel/framework/src/Illuminate/Pipeline/Pipeline.php(137): Illuminate\Routing\Middleware\SubstituteBindings->handle(Object(Illuminate\Http\Request), Object(Closure))
#24 /Applications/XAMPP/xamppfiles/htdocs/omsinfo/vendor/laravel/framework/src/Illuminate/Routing/Pipeline.php(33): Illuminate\Pipeline\Pipeline->Illuminate\Pipeline\{closure}(Object(Illuminate\Http\Request))
#25 /Applications/XAMPP/xamppfiles/htdocs/omsinfo/vendor/laravel/framework/src/Illuminate/View/Middleware/ShareErrorsFromSession.php(49): Illuminate\Routing\Pipeline->Illuminate\Routing\{closure}(Object(Illuminate\Http\Request))
#26 /Applications/XAMPP/xamppfiles/htdocs/omsinfo/vendor/laravel/framework/src/Illuminate/Pipeline/Pipeline.php(137): Illuminate\View\Middleware\ShareErrorsFromSession->handle(Object(Illuminate\Http\Request), Object(Closure))
#27 /Applications/XAMPP/xamppfiles/htdocs/omsinfo/vendor/laravel/framework/src/Illuminate/Routing/Pipeline.php(33): Illuminate\Pipeline\Pipeline->Illuminate\Pipeline\{closure}(Object(Illuminate\Http\Request))
#28 /Applications/XAMPP/xamppfiles/htdocs/omsinfo/vendor/laravel/framework/src/Illuminate/Session/Middleware/StartSession.php(64): Illuminate\Routing\Pipeline->Illuminate\Routing\{closure}(Object(Illuminate\Http\Request))
#29 /Applications/XAMPP/xamppfiles/htdocs/omsinfo/vendor/laravel/framework/src/Illuminate/Pipeline/Pipeline.php(137): Illuminate\Session\Middleware\StartSession->handle(Object(Illuminate\Http\Request), Object(Closure))
#30 /Applications/XAMPP/xamppfiles/htdocs/omsinfo/vendor/laravel/framework/src/Illuminate/Routing/Pipeline.php(33): Illuminate\Pipeline\Pipeline->Illuminate\Pipeline\{closure}(Object(Illuminate\Http\Request))
#31 /Applications/XAMPP/xamppfiles/htdocs/omsinfo/vendor/laravel/framework/src/Illuminate/Cookie/Middleware/AddQueuedCookiesToResponse.php(37): Illuminate\Routing\Pipeline->Illuminate\Routing\{closure}(Object(Illuminate\Http\Request))
#32 /Applications/XAMPP/xamppfiles/htdocs/omsinfo/vendor/laravel/framework/src/Illuminate/Pipeline/Pipeline.php(137): Illuminate\Cookie\Middleware\AddQueuedCookiesToResponse->handle(Object(Illuminate\Http\Request), Object(Closure))
#33 /Applications/XAMPP/xamppfiles/htdocs/omsinfo/vendor/laravel/framework/src/Illuminate/Routing/Pipeline.php(33): Illuminate\Pipeline\Pipeline->Illuminate\Pipeline\{closure}(Object(Illuminate\Http\Request))
#34 /Applications/XAMPP/xamppfiles/htdocs/omsinfo/vendor/laravel/framework/src/Illuminate/Cookie/Middleware/EncryptCookies.php(59): Illuminate\Routing\Pipeline->Illuminate\Routing\{closure}(Object(Illuminate\Http\Request))
#35 /Applications/XAMPP/xamppfiles/htdocs/omsinfo/vendor/laravel/framework/src/Illuminate/Pipeline/Pipeline.php(137): Illuminate\Cookie\Middleware\EncryptCookies->handle(Object(Illuminate\Http\Request), Object(Closure))
#36 /Applications/XAMPP/xamppfiles/htdocs/omsinfo/vendor/laravel/framework/src/Illuminate/Routing/Pipeline.php(33): Illuminate\Pipeline\Pipeline->Illuminate\Pipeline\{closure}(Object(Illuminate\Http\Request))
#37 /Applications/XAMPP/xamppfiles/htdocs/omsinfo/vendor/laravel/framework/src/Illuminate/Pipeline/Pipeline.php(104): Illuminate\Routing\Pipeline->Illuminate\Routing\{closure}(Object(Illuminate\Http\Request))
#38 /Applications/XAMPP/xamppfiles/htdocs/omsinfo/vendor/laravel/framework/src/Illuminate/Routing/Router.php(655): Illuminate\Pipeline\Pipeline->then(Object(Closure))
#39 /Applications/XAMPP/xamppfiles/htdocs/omsinfo/vendor/laravel/framework/src/Illuminate/Routing/Router.php(629): Illuminate\Routing\Router->runRouteWithinStack(Object(Illuminate\Routing\Route), Object(Illuminate\Http\Request))
#40 /Applications/XAMPP/xamppfiles/htdocs/omsinfo/vendor/laravel/framework/src/Illuminate/Routing/Router.php(607): Illuminate\Routing\Router->dispatchToRoute(Object(Illuminate\Http\Request))
#41 /Applications/XAMPP/xamppfiles/htdocs/omsinfo/vendor/laravel/framework/src/Illuminate/Foundation/Http/Kernel.php(268): Illuminate\Routing\Router->dispatch(Object(Illuminate\Http\Request))
#42 /Applications/XAMPP/xamppfiles/htdocs/omsinfo/vendor/laravel/framework/src/Illuminate/Routing/Pipeline.php(53): Illuminate\Foundation\Http\Kernel->Illuminate\Foundation\Http\{closure}(Object(Illuminate\Http\Request))
#43 /Applications/XAMPP/xamppfiles/htdocs/omsinfo/vendor/laravel/framework/src/Illuminate/Foundation/Http/Middleware/CheckForMaintenanceMode.php(46): Illuminate\Routing\Pipeline->Illuminate\Routing\{closure}(Object(Illuminate\Http\Request))
#44 /Applications/XAMPP/xamppfiles/htdocs/omsinfo/vendor/laravel/framework/src/Illuminate/Pipeline/Pipeline.php(137): Illuminate\Foundation\Http\Middleware\CheckForMaintenanceMode->handle(Object(Illuminate\Http\Request), Object(Closure))
#45 /Applications/XAMPP/xamppfiles/htdocs/omsinfo/vendor/laravel/framework/src/Illuminate/Routing/Pipeline.php(33): Illuminate\Pipeline\Pipeline->Illuminate\Pipeline\{closure}(Object(Illuminate\Http\Request))
#46 /Applications/XAMPP/xamppfiles/htdocs/omsinfo/vendor/laravel/framework/src/Illuminate/Pipeline/Pipeline.php(104): Illuminate\Routing\Pipeline->Illuminate\Routing\{closure}(Object(Illuminate\Http\Request))
#47 /Applications/XAMPP/xamppfiles/htdocs/omsinfo/vendor/laravel/framework/src/Illuminate/Foundation/Http/Kernel.php(150): Illuminate\Pipeline\Pipeline->then(Object(Closure))
#48 /Applications/XAMPP/xamppfiles/htdocs/omsinfo/vendor/laravel/framework/src/Illuminate/Foundation/Http/Kernel.php(117): Illuminate\Foundation\Http\Kernel->sendRequestThroughRouter(Object(Illuminate\Http\Request))
#49 /Applications/XAMPP/xamppfiles/htdocs/omsinfo/public/index.php(52): Illuminate\Foundation\Http\Kernel->handle(Object(Illuminate\Http\Request))
#50 {main}

Next Illuminate\Database\QueryException: SQLSTATE[42S02]: Base table or view not found: 1146 Table 'omsinfo.reports' doesn't exist (SQL: select `reports`.*, `use`.`name`, `use`.`avatar_name`, `user`.`name` as `reported_for`, `user`.`id` as `reported_user_id` from `reports` inner join `users` as `use` on `reports`.`user_id` = `use`.`id` inner join `users` as `user` on `reports`.`report_for` = `user`.`id`) in /Applications/XAMPP/xamppfiles/htdocs/omsinfo/vendor/laravel/framework/src/Illuminate/Database/Connection.php:770
Stack trace:
#0 /Applications/XAMPP/xamppfiles/htdocs/omsinfo/vendor/laravel/framework/src/Illuminate/Database/Connection.php(726): Illuminate\Database\Connection->runQueryCallback('select `reports...', Array, Object(Closure))
#1 /Applications/XAMPP/xamppfiles/htdocs/omsinfo/vendor/laravel/framework/src/Illuminate/Database/Connection.php(351): Illuminate\Database\Connection->run('select `reports...', Array, Object(Closure))
#2 /Applications/XAMPP/xamppfiles/htdocs/omsinfo/vendor/laravel/framework/src/Illuminate/Database/Query/Builder.php(1648): Illuminate\Database\Connection->select('select `reports...', Array, true)
#3 /Applications/XAMPP/xamppfiles/htdocs/omsinfo/vendor/laravel/framework/src/Illuminate/Database/Query/Builder.php(1634): Illuminate\Database\Query\Builder->runSelect()
#4 /Applications/XAMPP/xamppfiles/htdocs/omsinfo/app/Models/Report.php(72): Illuminate\Database\Query\Builder->get()
#5 /Applications/XAMPP/xamppfiles/htdocs/omsinfo/app/Providers/Admin/UserServiceProvider.php(194): App\Models\Report->getReportList(Array)
#6 /Applications/XAMPP/xamppfiles/htdocs/omsinfo/app/Http/Controllers/Admin/UserController.php(98): App\Providers\Admin\UserServiceProvider::getReportList()
#7 [internal function]: App\Http\Controllers\Admin\UserController->getReportListAjax()
#8 /Applications/XAMPP/xamppfiles/htdocs/omsinfo/vendor/laravel/framework/src/Illuminate/Routing/Controller.php(55): call_user_func_array(Array, Array)
#9 /Applications/XAMPP/xamppfiles/htdocs/omsinfo/vendor/laravel/framework/src/Illuminate/Routing/ControllerDispatcher.php(44): Illuminate\Routing\Controller->callAction('getReportListAj...', Array)
#10 /Applications/XAMPP/xamppfiles/htdocs/omsinfo/vendor/laravel/framework/src/Illuminate/Routing/Route.php(189): Illuminate\Routing\ControllerDispatcher->dispatch(Object(Illuminate\Routing\Route), Object(App\Http\Controllers\Admin\UserController), 'getReportListAj...')
#11 /Applications/XAMPP/xamppfiles/htdocs/omsinfo/vendor/laravel/framework/src/Illuminate/Routing/Route.php(144): Illuminate\Routing\Route->runController()
#12 /Applications/XAMPP/xamppfiles/htdocs/omsinfo/vendor/laravel/framework/src/Illuminate/Routing/Router.php(653): Illuminate\Routing\Route->run(Object(Illuminate\Http\Request))
#13 /Applications/XAMPP/xamppfiles/htdocs/omsinfo/vendor/laravel/framework/src/Illuminate/Routing/Pipeline.php(53): Illuminate\Routing\Router->Illuminate\Routing\{closure}(Object(Illuminate\Http\Request))
#14 /Applications/XAMPP/xamppfiles/htdocs/omsinfo/app/Http/Middleware/Authenticate.php(28): Illuminate\Routing\Pipeline->Illuminate\Routing\{closure}(Object(Illuminate\Http\Request))
#15 /Applications/XAMPP/xamppfiles/htdocs/omsinfo/vendor/laravel/framework/src/Illuminate/Pipeline/Pipeline.php(137): App\Http\Middleware\Authenticate->handle(Object(Illuminate\Http\Request), Object(Closure))
#16 /Applications/XAMPP/xamppfiles/htdocs/omsinfo/vendor/laravel/framework/src/Illuminate/Routing/Pipeline.php(33): Illuminate\Pipeline\Pipeline->Illuminate\Pipeline\{closure}(Object(Illuminate\Http\Request))
#17 /Applications/XAMPP/xamppfiles/htdocs/omsinfo/app/Http/Middleware/Clickjacking.php(19): Illuminate\Routing\Pipeline->Illuminate\Routing\{closure}(Object(Illuminate\Http\Request))
#18 /Applications/XAMPP/xamppfiles/htdocs/omsinfo/vendor/laravel/framework/src/Illuminate/Pipeline/Pipeline.php(137): App\Http\Middleware\Clickjacking->handle(Object(Illuminate\Http\Request), Object(Closure))
#19 /Applications/XAMPP/xamppfiles/htdocs/omsinfo/vendor/laravel/framework/src/Illuminate/Routing/Pipeline.php(33): Illuminate\Pipeline\Pipeline->Illuminate\Pipeline\{closure}(Object(Illuminate\Http\Request))
#20 /Applications/XAMPP/xamppfiles/htdocs/omsinfo/vendor/laravel/framework/src/Illuminate/Routing/Middleware/SubstituteBindings.php(41): Illuminate\Routing\Pipeline->Illuminate\Routing\{closure}(Object(Illuminate\Http\Request))
#21 /Applications/XAMPP/xamppfiles/htdocs/omsinfo/vendor/laravel/framework/src/Illuminate/Pipeline/Pipeline.php(137): Illuminate\Routing\Middleware\SubstituteBindings->handle(Object(Illuminate\Http\Request), Object(Closure))
#22 /Applications/XAMPP/xamppfiles/htdocs/omsinfo/vendor/laravel/framework/src/Illuminate/Routing/Pipeline.php(33): Illuminate\Pipeline\Pipeline->Illuminate\Pipeline\{closure}(Object(Illuminate\Http\Request))
#23 /Applications/XAMPP/xamppfiles/htdocs/omsinfo/vendor/laravel/framework/src/Illuminate/View/Middleware/ShareErrorsFromSession.php(49): Illuminate\Routing\Pipeline->Illuminate\Routing\{closure}(Object(Illuminate\Http\Request))
#24 /Applications/XAMPP/xamppfiles/htdocs/omsinfo/vendor/laravel/framework/src/Illuminate/Pipeline/Pipeline.php(137): Illuminate\View\Middleware\ShareErrorsFromSession->handle(Object(Illuminate\Http\Request), Object(Closure))
#25 /Applications/XAMPP/xamppfiles/htdocs/omsinfo/vendor/laravel/framework/src/Illuminate/Routing/Pipeline.php(33): Illuminate\Pipeline\Pipeline->Illuminate\Pipeline\{closure}(Object(Illuminate\Http\Request))
#26 /Applications/XAMPP/xamppfiles/htdocs/omsinfo/vendor/laravel/framework/src/Illuminate/Session/Middleware/StartSession.php(64): Illuminate\Routing\Pipeline->Illuminate\Routing\{closure}(Object(Illuminate\Http\Request))
#27 /Applications/XAMPP/xamppfiles/htdocs/omsinfo/vendor/laravel/framework/src/Illuminate/Pipeline/Pipeline.php(137): Illuminate\Session\Middleware\StartSession->handle(Object(Illuminate\Http\Request), Object(Closure))
#28 /Applications/XAMPP/xamppfiles/htdocs/omsinfo/vendor/laravel/framework/src/Illuminate/Routing/Pipeline.php(33): Illuminate\Pipeline\Pipeline->Illuminate\Pipeline\{closure}(Object(Illuminate\Http\Request))
#29 /Applications/XAMPP/xamppfiles/htdocs/omsinfo/vendor/laravel/framework/src/Illuminate/Cookie/Middleware/AddQueuedCookiesToResponse.php(37): Illuminate\Routing\Pipeline->Illuminate\Routing\{closure}(Object(Illuminate\Http\Request))
#30 /Applications/XAMPP/xamppfiles/htdocs/omsinfo/vendor/laravel/framework/src/Illuminate/Pipeline/Pipeline.php(137): Illuminate\Cookie\Middleware\AddQueuedCookiesToResponse->handle(Object(Illuminate\Http\Request), Object(Closure))
#31 /Applications/XAMPP/xamppfiles/htdocs/omsinfo/vendor/laravel/framework/src/Illuminate/Routing/Pipeline.php(33): Illuminate\Pipeline\Pipeline->Illuminate\Pipeline\{closure}(Object(Illuminate\Http\Request))
#32 /Applications/XAMPP/xamppfiles/htdocs/omsinfo/vendor/laravel/framework/src/Illuminate/Cookie/Middleware/EncryptCookies.php(59): Illuminate\Routing\Pipeline->Illuminate\Routing\{closure}(Object(Illuminate\Http\Request))
#33 /Applications/XAMPP/xamppfiles/htdocs/omsinfo/vendor/laravel/framework/src/Illuminate/Pipeline/Pipeline.php(137): Illuminate\Cookie\Middleware\EncryptCookies->handle(Object(Illuminate\Http\Request), Object(Closure))
#34 /Applications/XAMPP/xamppfiles/htdocs/omsinfo/vendor/laravel/framework/src/Illuminate/Routing/Pipeline.php(33): Illuminate\Pipeline\Pipeline->Illuminate\Pipeline\{closure}(Object(Illuminate\Http\Request))
#35 /Applications/XAMPP/xamppfiles/htdocs/omsinfo/vendor/laravel/framework/src/Illuminate/Pipeline/Pipeline.php(104): Illuminate\Routing\Pipeline->Illuminate\Routing\{closure}(Object(Illuminate\Http\Request))
#36 /Applications/XAMPP/xamppfiles/htdocs/omsinfo/vendor/laravel/framework/src/Illuminate/Routing/Router.php(655): Illuminate\Pipeline\Pipeline->then(Object(Closure))
#37 /Applications/XAMPP/xamppfiles/htdocs/omsinfo/vendor/laravel/framework/src/Illuminate/Routing/Router.php(629): Illuminate\Routing\Router->runRouteWithinStack(Object(Illuminate\Routing\Route), Object(Illuminate\Http\Request))
#38 /Applications/XAMPP/xamppfiles/htdocs/omsinfo/vendor/laravel/framework/src/Illuminate/Routing/Router.php(607): Illuminate\Routing\Router->dispatchToRoute(Object(Illuminate\Http\Request))
#39 /Applications/XAMPP/xamppfiles/htdocs/omsinfo/vendor/laravel/framework/src/Illuminate/Foundation/Http/Kernel.php(268): Illuminate\Routing\Router->dispatch(Object(Illuminate\Http\Request))
#40 /Applications/XAMPP/xamppfiles/htdocs/omsinfo/vendor/laravel/framework/src/Illuminate/Routing/Pipeline.php(53): Illuminate\Foundation\Http\Kernel->Illuminate\Foundation\Http\{closure}(Object(Illuminate\Http\Request))
#41 /Applications/XAMPP/xamppfiles/htdocs/omsinfo/vendor/laravel/framework/src/Illuminate/Foundation/Http/Middleware/CheckForMaintenanceMode.php(46): Illuminate\Routing\Pipeline->Illuminate\Routing\{closure}(Object(Illuminate\Http\Request))
#42 /Applications/XAMPP/xamppfiles/htdocs/omsinfo/vendor/laravel/framework/src/Illuminate/Pipeline/Pipeline.php(137): Illuminate\Foundation\Http\Middleware\CheckForMaintenanceMode->handle(Object(Illuminate\Http\Request), Object(Closure))
#43 /Applications/XAMPP/xamppfiles/htdocs/omsinfo/vendor/laravel/framework/src/Illuminate/Routing/Pipeline.php(33): Illuminate\Pipeline\Pipeline->Illuminate\Pipeline\{closure}(Object(Illuminate\Http\Request))
#44 /Applications/XAMPP/xamppfiles/htdocs/omsinfo/vendor/laravel/framework/src/Illuminate/Pipeline/Pipeline.php(104): Illuminate\Routing\Pipeline->Illuminate\Routing\{closure}(Object(Illuminate\Http\Request))
#45 /Applications/XAMPP/xamppfiles/htdocs/omsinfo/vendor/laravel/framework/src/Illuminate/Foundation/Http/Kernel.php(150): Illuminate\Pipeline\Pipeline->then(Object(Closure))
#46 /Applications/XAMPP/xamppfiles/htdocs/omsinfo/vendor/laravel/framework/src/Illuminate/Foundation/Http/Kernel.php(117): Illuminate\Foundation\Http\Kernel->sendRequestThroughRouter(Object(Illuminate\Http\Request))
#47 /Applications/XAMPP/xamppfiles/htdocs/omsinfo/public/index.php(52): Illuminate\Foundation\Http\Kernel->handle(Object(Illuminate\Http\Request))
#48 {main}  
[2019-01-17 18:14:08] local.ERROR: ErrorException: file_put_contents(/Applications/XAMPP/xamppfiles/htdocs/makeage/storage/framework/sessions/wt6CinGCisYFVujxOYANDSGJrNolFtFd0onFtR1A): failed to open stream: Permission denied in /Applications/XAMPP/xamppfiles/htdocs/makeage/vendor/laravel/framework/src/Illuminate/Filesystem/Filesystem.php:111
Stack trace:
#0 [internal function]: Illuminate\Foundation\Bootstrap\HandleExceptions->handleError(2, 'file_put_conten...', '/Applications/X...', 111, Array)
#1 /Applications/XAMPP/xamppfiles/htdocs/makeage/vendor/laravel/framework/src/Illuminate/Filesystem/Filesystem.php(111): file_put_contents('/Applications/X...', 'a:5:{s:6:"_toke...', 2)
#2 /Applications/XAMPP/xamppfiles/htdocs/makeage/vendor/laravel/framework/src/Illuminate/Session/FileSessionHandler.php(83): Illuminate\Filesystem\Filesystem->put('/Applications/X...', 'a:5:{s:6:"_toke...', true)
#3 /Applications/XAMPP/xamppfiles/htdocs/makeage/vendor/laravel/framework/src/Illuminate/Session/Store.php(263): Illuminate\Session\FileSessionHandler->write('wt6CinGCisYFVuj...', 'a:5:{s:6:"_toke...')
#4 /Applications/XAMPP/xamppfiles/htdocs/makeage/vendor/laravel/framework/src/Illuminate/Session/Middleware/StartSession.php(88): Illuminate\Session\Store->save()
#5 /Applications/XAMPP/xamppfiles/htdocs/makeage/vendor/laravel/framework/src/Illuminate/Foundation/Http/Kernel.php(177): Illuminate\Session\Middleware\StartSession->terminate(Object(Illuminate\Http\Request), Object(Illuminate\Http\RedirectResponse))
#6 /Applications/XAMPP/xamppfiles/htdocs/makeage/public/index.php(57): Illuminate\Foundation\Http\Kernel->terminate(Object(Illuminate\Http\Request), Object(Illuminate\Http\RedirectResponse))
#7 {main}  
[2019-01-17 18:14:08] local.ERROR: ErrorException: file_put_contents(/Applications/XAMPP/xamppfiles/htdocs/makeage/storage/framework/sessions/wt6CinGCisYFVujxOYANDSGJrNolFtFd0onFtR1A): failed to open stream: Permission denied in /Applications/XAMPP/xamppfiles/htdocs/makeage/vendor/laravel/framework/src/Illuminate/Filesystem/Filesystem.php:111
Stack trace:
#0 [internal function]: Illuminate\Foundation\Bootstrap\HandleExceptions->handleError(2, 'file_put_conten...', '/Applications/X...', 111, Array)
#1 /Applications/XAMPP/xamppfiles/htdocs/makeage/vendor/laravel/framework/src/Illuminate/Filesystem/Filesystem.php(111): file_put_contents('/Applications/X...', 'a:5:{s:6:"_toke...', 2)
#2 /Applications/XAMPP/xamppfiles/htdocs/makeage/vendor/laravel/framework/src/Illuminate/Session/FileSessionHandler.php(83): Illuminate\Filesystem\Filesystem->put('/Applications/X...', 'a:5:{s:6:"_toke...', true)
#3 /Applications/XAMPP/xamppfiles/htdocs/makeage/vendor/laravel/framework/src/Illuminate/Session/Store.php(263): Illuminate\Session\FileSessionHandler->write('wt6CinGCisYFVuj...', 'a:5:{s:6:"_toke...')
#4 /Applications/XAMPP/xamppfiles/htdocs/makeage/vendor/laravel/framework/src/Illuminate/Session/Middleware/StartSession.php(88): Illuminate\Session\Store->save()
#5 /Applications/XAMPP/xamppfiles/htdocs/makeage/vendor/laravel/framework/src/Illuminate/Foundation/Http/Kernel.php(177): Illuminate\Session\Middleware\StartSession->terminate(Object(Illuminate\Http\Request), Object(Illuminate\Http\Response))
#6 /Applications/XAMPP/xamppfiles/htdocs/makeage/public/index.php(57): Illuminate\Foundation\Http\Kernel->terminate(Object(Illuminate\Http\Request), Object(Illuminate\Http\Response))
#7 {main}  
[2019-01-17 18:14:16] local.ERROR: ErrorException: file_put_contents(/Applications/XAMPP/xamppfiles/htdocs/makeage/storage/framework/sessions/wt6CinGCisYFVujxOYANDSGJrNolFtFd0onFtR1A): failed to open stream: Permission denied in /Applications/XAMPP/xamppfiles/htdocs/makeage/vendor/laravel/framework/src/Illuminate/Filesystem/Filesystem.php:111
Stack trace:
#0 [internal function]: Illuminate\Foundation\Bootstrap\HandleExceptions->handleError(2, 'file_put_conten...', '/Applications/X...', 111, Array)
#1 /Applications/XAMPP/xamppfiles/htdocs/makeage/vendor/laravel/framework/src/Illuminate/Filesystem/Filesystem.php(111): file_put_contents('/Applications/X...', 'a:4:{s:6:"_toke...', 2)
#2 /Applications/XAMPP/xamppfiles/htdocs/makeage/vendor/laravel/framework/src/Illuminate/Session/FileSessionHandler.php(83): Illuminate\Filesystem\Filesystem->put('/Applications/X...', 'a:4:{s:6:"_toke...', true)
#3 /Applications/XAMPP/xamppfiles/htdocs/makeage/vendor/laravel/framework/src/Illuminate/Session/Store.php(263): Illuminate\Session\FileSessionHandler->write('wt6CinGCisYFVuj...', 'a:4:{s:6:"_toke...')
#4 /Applications/XAMPP/xamppfiles/htdocs/makeage/vendor/laravel/framework/src/Illuminate/Session/Middleware/StartSession.php(88): Illuminate\Session\Store->save()
#5 /Applications/XAMPP/xamppfiles/htdocs/makeage/vendor/laravel/framework/src/Illuminate/Foundation/Http/Kernel.php(177): Illuminate\Session\Middleware\StartSession->terminate(Object(Illuminate\Http\Request), Object(Illuminate\Http\RedirectResponse))
#6 /Applications/XAMPP/xamppfiles/htdocs/makeage/public/index.php(57): Illuminate\Foundation\Http\Kernel->terminate(Object(Illuminate\Http\Request), Object(Illuminate\Http\RedirectResponse))
#7 {main}  
[2019-01-17 18:14:16] local.ERROR: ErrorException: file_put_contents(/Applications/XAMPP/xamppfiles/htdocs/makeage/storage/framework/sessions/wt6CinGCisYFVujxOYANDSGJrNolFtFd0onFtR1A): failed to open stream: Permission denied in /Applications/XAMPP/xamppfiles/htdocs/makeage/vendor/laravel/framework/src/Illuminate/Filesystem/Filesystem.php:111
Stack trace:
#0 [internal function]: Illuminate\Foundation\Bootstrap\HandleExceptions->handleError(2, 'file_put_conten...', '/Applications/X...', 111, Array)
#1 /Applications/XAMPP/xamppfiles/htdocs/makeage/vendor/laravel/framework/src/Illuminate/Filesystem/Filesystem.php(111): file_put_contents('/Applications/X...', 'a:5:{s:6:"_toke...', 2)
#2 /Applications/XAMPP/xamppfiles/htdocs/makeage/vendor/laravel/framework/src/Illuminate/Session/FileSessionHandler.php(83): Illuminate\Filesystem\Filesystem->put('/Applications/X...', 'a:5:{s:6:"_toke...', true)
#3 /Applications/XAMPP/xamppfiles/htdocs/makeage/vendor/laravel/framework/src/Illuminate/Session/Store.php(263): Illuminate\Session\FileSessionHandler->write('wt6CinGCisYFVuj...', 'a:5:{s:6:"_toke...')
#4 /Applications/XAMPP/xamppfiles/htdocs/makeage/vendor/laravel/framework/src/Illuminate/Session/Middleware/StartSession.php(88): Illuminate\Session\Store->save()
#5 /Applications/XAMPP/xamppfiles/htdocs/makeage/vendor/laravel/framework/src/Illuminate/Foundation/Http/Kernel.php(177): Illuminate\Session\Middleware\StartSession->terminate(Object(Illuminate\Http\Request), Object(Illuminate\Http\RedirectResponse))
#6 /Applications/XAMPP/xamppfiles/htdocs/makeage/public/index.php(57): Illuminate\Foundation\Http\Kernel->terminate(Object(Illuminate\Http\Request), Object(Illuminate\Http\RedirectResponse))
#7 {main}  
[2019-01-17 18:14:16] local.ERROR: ErrorException: file_put_contents(/Applications/XAMPP/xamppfiles/htdocs/makeage/storage/framework/sessions/wt6CinGCisYFVujxOYANDSGJrNolFtFd0onFtR1A): failed to open stream: Permission denied in /Applications/XAMPP/xamppfiles/htdocs/makeage/vendor/laravel/framework/src/Illuminate/Filesystem/Filesystem.php:111
Stack trace:
#0 [internal function]: Illuminate\Foundation\Bootstrap\HandleExceptions->handleError(2, 'file_put_conten...', '/Applications/X...', 111, Array)
#1 /Applications/XAMPP/xamppfiles/htdocs/makeage/vendor/laravel/framework/src/Illuminate/Filesystem/Filesystem.php(111): file_put_contents('/Applications/X...', 'a:5:{s:6:"_toke...', 2)
#2 /Applications/XAMPP/xamppfiles/htdocs/makeage/vendor/laravel/framework/src/Illuminate/Session/FileSessionHandler.php(83): Illuminate\Filesystem\Filesystem->put('/Applications/X...', 'a:5:{s:6:"_toke...', true)
#3 /Applications/XAMPP/xamppfiles/htdocs/makeage/vendor/laravel/framework/src/Illuminate/Session/Store.php(263): Illuminate\Session\FileSessionHandler->write('wt6CinGCisYFVuj...', 'a:5:{s:6:"_toke...')
#4 /Applications/XAMPP/xamppfiles/htdocs/makeage/vendor/laravel/framework/src/Illuminate/Session/Middleware/StartSession.php(88): Illuminate\Session\Store->save()
#5 /Applications/XAMPP/xamppfiles/htdocs/makeage/vendor/laravel/framework/src/Illuminate/Foundation/Http/Kernel.php(177): Illuminate\Session\Middleware\StartSession->terminate(Object(Illuminate\Http\Request), Object(Illuminate\Http\Response))
#6 /Applications/XAMPP/xamppfiles/htdocs/makeage/public/index.php(57): Illuminate\Foundation\Http\Kernel->terminate(Object(Illuminate\Http\Request), Object(Illuminate\Http\Response))
#7 {main}  
[2019-01-17 18:14:19] local.ERROR: ErrorException: file_put_contents(/Applications/XAMPP/xamppfiles/htdocs/makeage/storage/framework/sessions/wt6CinGCisYFVujxOYANDSGJrNolFtFd0onFtR1A): failed to open stream: Permission denied in /Applications/XAMPP/xamppfiles/htdocs/makeage/vendor/laravel/framework/src/Illuminate/Filesystem/Filesystem.php:111
Stack trace:
#0 [internal function]: Illuminate\Foundation\Bootstrap\HandleExceptions->handleError(2, 'file_put_conten...', '/Applications/X...', 111, Array)
#1 /Applications/XAMPP/xamppfiles/htdocs/makeage/vendor/laravel/framework/src/Illuminate/Filesystem/Filesystem.php(111): file_put_contents('/Applications/X...', 'a:4:{s:6:"_toke...', 2)
#2 /Applications/XAMPP/xamppfiles/htdocs/makeage/vendor/laravel/framework/src/Illuminate/Session/FileSessionHandler.php(83): Illuminate\Filesystem\Filesystem->put('/Applications/X...', 'a:4:{s:6:"_toke...', true)
#3 /Applications/XAMPP/xamppfiles/htdocs/makeage/vendor/laravel/framework/src/Illuminate/Session/Store.php(263): Illuminate\Session\FileSessionHandler->write('wt6CinGCisYFVuj...', 'a:4:{s:6:"_toke...')
#4 /Applications/XAMPP/xamppfiles/htdocs/makeage/vendor/laravel/framework/src/Illuminate/Session/Middleware/StartSession.php(88): Illuminate\Session\Store->save()
#5 /Applications/XAMPP/xamppfiles/htdocs/makeage/vendor/laravel/framework/src/Illuminate/Foundation/Http/Kernel.php(177): Illuminate\Session\Middleware\StartSession->terminate(Object(Illuminate\Http\Request), Object(Illuminate\Http\RedirectResponse))
#6 /Applications/XAMPP/xamppfiles/htdocs/makeage/public/index.php(57): Illuminate\Foundation\Http\Kernel->terminate(Object(Illuminate\Http\Request), Object(Illuminate\Http\RedirectResponse))
#7 {main}  
[2019-01-17 18:14:19] local.ERROR: ErrorException: file_put_contents(/Applications/XAMPP/xamppfiles/htdocs/makeage/storage/framework/sessions/wt6CinGCisYFVujxOYANDSGJrNolFtFd0onFtR1A): failed to open stream: Permission denied in /Applications/XAMPP/xamppfiles/htdocs/makeage/vendor/laravel/framework/src/Illuminate/Filesystem/Filesystem.php:111
Stack trace:
#0 [internal function]: Illuminate\Foundation\Bootstrap\HandleExceptions->handleError(2, 'file_put_conten...', '/Applications/X...', 111, Array)
#1 /Applications/XAMPP/xamppfiles/htdocs/makeage/vendor/laravel/framework/src/Illuminate/Filesystem/Filesystem.php(111): file_put_contents('/Applications/X...', 'a:5:{s:6:"_toke...', 2)
#2 /Applications/XAMPP/xamppfiles/htdocs/makeage/vendor/laravel/framework/src/Illuminate/Session/FileSessionHandler.php(83): Illuminate\Filesystem\Filesystem->put('/Applications/X...', 'a:5:{s:6:"_toke...', true)
#3 /Applications/XAMPP/xamppfiles/htdocs/makeage/vendor/laravel/framework/src/Illuminate/Session/Store.php(263): Illuminate\Session\FileSessionHandler->write('wt6CinGCisYFVuj...', 'a:5:{s:6:"_toke...')
#4 /Applications/XAMPP/xamppfiles/htdocs/makeage/vendor/laravel/framework/src/Illuminate/Session/Middleware/StartSession.php(88): Illuminate\Session\Store->save()
#5 /Applications/XAMPP/xamppfiles/htdocs/makeage/vendor/laravel/framework/src/Illuminate/Foundation/Http/Kernel.php(177): Illuminate\Session\Middleware\StartSession->terminate(Object(Illuminate\Http\Request), Object(Illuminate\Http\RedirectResponse))
#6 /Applications/XAMPP/xamppfiles/htdocs/makeage/public/index.php(57): Illuminate\Foundation\Http\Kernel->terminate(Object(Illuminate\Http\Request), Object(Illuminate\Http\RedirectResponse))
#7 {main}  
[2019-01-17 18:14:19] local.ERROR: ErrorException: file_put_contents(/Applications/XAMPP/xamppfiles/htdocs/makeage/storage/framework/sessions/wt6CinGCisYFVujxOYANDSGJrNolFtFd0onFtR1A): failed to open stream: Permission denied in /Applications/XAMPP/xamppfiles/htdocs/makeage/vendor/laravel/framework/src/Illuminate/Filesystem/Filesystem.php:111
Stack trace:
#0 [internal function]: Illuminate\Foundation\Bootstrap\HandleExceptions->handleError(2, 'file_put_conten...', '/Applications/X...', 111, Array)
#1 /Applications/XAMPP/xamppfiles/htdocs/makeage/vendor/laravel/framework/src/Illuminate/Filesystem/Filesystem.php(111): file_put_contents('/Applications/X...', 'a:5:{s:6:"_toke...', 2)
#2 /Applications/XAMPP/xamppfiles/htdocs/makeage/vendor/laravel/framework/src/Illuminate/Session/FileSessionHandler.php(83): Illuminate\Filesystem\Filesystem->put('/Applications/X...', 'a:5:{s:6:"_toke...', true)
#3 /Applications/XAMPP/xamppfiles/htdocs/makeage/vendor/laravel/framework/src/Illuminate/Session/Store.php(263): Illuminate\Session\FileSessionHandler->write('wt6CinGCisYFVuj...', 'a:5:{s:6:"_toke...')
#4 /Applications/XAMPP/xamppfiles/htdocs/makeage/vendor/laravel/framework/src/Illuminate/Session/Middleware/StartSession.php(88): Illuminate\Session\Store->save()
#5 /Applications/XAMPP/xamppfiles/htdocs/makeage/vendor/laravel/framework/src/Illuminate/Foundation/Http/Kernel.php(177): Illuminate\Session\Middleware\StartSession->terminate(Object(Illuminate\Http\Request), Object(Illuminate\Http\Response))
#6 /Applications/XAMPP/xamppfiles/htdocs/makeage/public/index.php(57): Illuminate\Foundation\Http\Kernel->terminate(Object(Illuminate\Http\Request), Object(Illuminate\Http\Response))
#7 {main}  
[2019-01-17 18:14:26] local.ERROR: ErrorException: file_put_contents(/Applications/XAMPP/xamppfiles/htdocs/makeage/storage/framework/sessions/wt6CinGCisYFVujxOYANDSGJrNolFtFd0onFtR1A): failed to open stream: Permission denied in /Applications/XAMPP/xamppfiles/htdocs/makeage/vendor/laravel/framework/src/Illuminate/Filesystem/Filesystem.php:111
Stack trace:
#0 [internal function]: Illuminate\Foundation\Bootstrap\HandleExceptions->handleError(2, 'file_put_conten...', '/Applications/X...', 111, Array)
#1 /Applications/XAMPP/xamppfiles/htdocs/makeage/vendor/laravel/framework/src/Illuminate/Filesystem/Filesystem.php(111): file_put_contents('/Applications/X...', 'a:5:{s:6:"_toke...', 2)
#2 /Applications/XAMPP/xamppfiles/htdocs/makeage/vendor/laravel/framework/src/Illuminate/Session/FileSessionHandler.php(83): Illuminate\Filesystem\Filesystem->put('/Applications/X...', 'a:5:{s:6:"_toke...', true)
#3 /Applications/XAMPP/xamppfiles/htdocs/makeage/vendor/laravel/framework/src/Illuminate/Session/Store.php(263): Illuminate\Session\FileSessionHandler->write('wt6CinGCisYFVuj...', 'a:5:{s:6:"_toke...')
#4 /Applications/XAMPP/xamppfiles/htdocs/makeage/vendor/laravel/framework/src/Illuminate/Session/Middleware/StartSession.php(88): Illuminate\Session\Store->save()
#5 /Applications/XAMPP/xamppfiles/htdocs/makeage/vendor/laravel/framework/src/Illuminate/Foundation/Http/Kernel.php(177): Illuminate\Session\Middleware\StartSession->terminate(Object(Illuminate\Http\Request), Object(Illuminate\Http\RedirectResponse))
#6 /Applications/XAMPP/xamppfiles/htdocs/makeage/public/index.php(57): Illuminate\Foundation\Http\Kernel->terminate(Object(Illuminate\Http\Request), Object(Illuminate\Http\RedirectResponse))
#7 {main}  
[2019-01-17 18:14:26] local.ERROR: ErrorException: file_put_contents(/Applications/XAMPP/xamppfiles/htdocs/makeage/storage/framework/sessions/wt6CinGCisYFVujxOYANDSGJrNolFtFd0onFtR1A): failed to open stream: Permission denied in /Applications/XAMPP/xamppfiles/htdocs/makeage/vendor/laravel/framework/src/Illuminate/Filesystem/Filesystem.php:111
Stack trace:
#0 [internal function]: Illuminate\Foundation\Bootstrap\HandleExceptions->handleError(2, 'file_put_conten...', '/Applications/X...', 111, Array)
#1 /Applications/XAMPP/xamppfiles/htdocs/makeage/vendor/laravel/framework/src/Illuminate/Filesystem/Filesystem.php(111): file_put_contents('/Applications/X...', 'a:5:{s:6:"_toke...', 2)
#2 /Applications/XAMPP/xamppfiles/htdocs/makeage/vendor/laravel/framework/src/Illuminate/Session/FileSessionHandler.php(83): Illuminate\Filesystem\Filesystem->put('/Applications/X...', 'a:5:{s:6:"_toke...', true)
#3 /Applications/XAMPP/xamppfiles/htdocs/makeage/vendor/laravel/framework/src/Illuminate/Session/Store.php(263): Illuminate\Session\FileSessionHandler->write('wt6CinGCisYFVuj...', 'a:5:{s:6:"_toke...')
#4 /Applications/XAMPP/xamppfiles/htdocs/makeage/vendor/laravel/framework/src/Illuminate/Session/Middleware/StartSession.php(88): Illuminate\Session\Store->save()
#5 /Applications/XAMPP/xamppfiles/htdocs/makeage/vendor/laravel/framework/src/Illuminate/Foundation/Http/Kernel.php(177): Illuminate\Session\Middleware\StartSession->terminate(Object(Illuminate\Http\Request), Object(Illuminate\Http\RedirectResponse))
#6 /Applications/XAMPP/xamppfiles/htdocs/makeage/public/index.php(57): Illuminate\Foundation\Http\Kernel->terminate(Object(Illuminate\Http\Request), Object(Illuminate\Http\RedirectResponse))
#7 {main}  
[2019-01-17 18:14:26] local.ERROR: ErrorException: file_put_contents(/Applications/XAMPP/xamppfiles/htdocs/makeage/storage/framework/sessions/wt6CinGCisYFVujxOYANDSGJrNolFtFd0onFtR1A): failed to open stream: Permission denied in /Applications/XAMPP/xamppfiles/htdocs/makeage/vendor/laravel/framework/src/Illuminate/Filesystem/Filesystem.php:111
Stack trace:
#0 [internal function]: Illuminate\Foundation\Bootstrap\HandleExceptions->handleError(2, 'file_put_conten...', '/Applications/X...', 111, Array)
#1 /Applications/XAMPP/xamppfiles/htdocs/makeage/vendor/laravel/framework/src/Illuminate/Filesystem/Filesystem.php(111): file_put_contents('/Applications/X...', 'a:5:{s:6:"_toke...', 2)
#2 /Applications/XAMPP/xamppfiles/htdocs/makeage/vendor/laravel/framework/src/Illuminate/Session/FileSessionHandler.php(83): Illuminate\Filesystem\Filesystem->put('/Applications/X...', 'a:5:{s:6:"_toke...', true)
#3 /Applications/XAMPP/xamppfiles/htdocs/makeage/vendor/laravel/framework/src/Illuminate/Session/Store.php(263): Illuminate\Session\FileSessionHandler->write('wt6CinGCisYFVuj...', 'a:5:{s:6:"_toke...')
#4 /Applications/XAMPP/xamppfiles/htdocs/makeage/vendor/laravel/framework/src/Illuminate/Session/Middleware/StartSession.php(88): Illuminate\Session\Store->save()
#5 /Applications/XAMPP/xamppfiles/htdocs/makeage/vendor/laravel/framework/src/Illuminate/Foundation/Http/Kernel.php(177): Illuminate\Session\Middleware\StartSession->terminate(Object(Illuminate\Http\Request), Object(Illuminate\Http\Response))
#6 /Applications/XAMPP/xamppfiles/htdocs/makeage/public/index.php(57): Illuminate\Foundation\Http\Kernel->terminate(Object(Illuminate\Http\Request), Object(Illuminate\Http\Response))
#7 {main}  
[2019-01-17 18:14:44] local.ERROR: ErrorException: file_put_contents(/Applications/XAMPP/xamppfiles/htdocs/makeage/storage/framework/sessions/wt6CinGCisYFVujxOYANDSGJrNolFtFd0onFtR1A): failed to open stream: Permission denied in /Applications/XAMPP/xamppfiles/htdocs/makeage/vendor/laravel/framework/src/Illuminate/Filesystem/Filesystem.php:111
Stack trace:
#0 [internal function]: Illuminate\Foundation\Bootstrap\HandleExceptions->handleError(2, 'file_put_conten...', '/Applications/X...', 111, Array)
#1 /Applications/XAMPP/xamppfiles/htdocs/makeage/vendor/laravel/framework/src/Illuminate/Filesystem/Filesystem.php(111): file_put_contents('/Applications/X...', 'a:5:{s:6:"_toke...', 2)
#2 /Applications/XAMPP/xamppfiles/htdocs/makeage/vendor/laravel/framework/src/Illuminate/Session/FileSessionHandler.php(83): Illuminate\Filesystem\Filesystem->put('/Applications/X...', 'a:5:{s:6:"_toke...', true)
#3 /Applications/XAMPP/xamppfiles/htdocs/makeage/vendor/laravel/framework/src/Illuminate/Session/Store.php(263): Illuminate\Session\FileSessionHandler->write('wt6CinGCisYFVuj...', 'a:5:{s:6:"_toke...')
#4 /Applications/XAMPP/xamppfiles/htdocs/makeage/vendor/laravel/framework/src/Illuminate/Session/Middleware/StartSession.php(88): Illuminate\Session\Store->save()
#5 /Applications/XAMPP/xamppfiles/htdocs/makeage/vendor/laravel/framework/src/Illuminate/Foundation/Http/Kernel.php(177): Illuminate\Session\Middleware\StartSession->terminate(Object(Illuminate\Http\Request), Object(Illuminate\Http\RedirectResponse))
#6 /Applications/XAMPP/xamppfiles/htdocs/makeage/public/index.php(57): Illuminate\Foundation\Http\Kernel->terminate(Object(Illuminate\Http\Request), Object(Illuminate\Http\RedirectResponse))
#7 {main}  
[2019-01-17 18:14:45] local.ERROR: ErrorException: file_put_contents(/Applications/XAMPP/xamppfiles/htdocs/makeage/storage/framework/sessions/wt6CinGCisYFVujxOYANDSGJrNolFtFd0onFtR1A): failed to open stream: Permission denied in /Applications/XAMPP/xamppfiles/htdocs/makeage/vendor/laravel/framework/src/Illuminate/Filesystem/Filesystem.php:111
Stack trace:
#0 [internal function]: Illuminate\Foundation\Bootstrap\HandleExceptions->handleError(2, 'file_put_conten...', '/Applications/X...', 111, Array)
#1 /Applications/XAMPP/xamppfiles/htdocs/makeage/vendor/laravel/framework/src/Illuminate/Filesystem/Filesystem.php(111): file_put_contents('/Applications/X...', 'a:5:{s:6:"_toke...', 2)
#2 /Applications/XAMPP/xamppfiles/htdocs/makeage/vendor/laravel/framework/src/Illuminate/Session/FileSessionHandler.php(83): Illuminate\Filesystem\Filesystem->put('/Applications/X...', 'a:5:{s:6:"_toke...', true)
#3 /Applications/XAMPP/xamppfiles/htdocs/makeage/vendor/laravel/framework/src/Illuminate/Session/Store.php(263): Illuminate\Session\FileSessionHandler->write('wt6CinGCisYFVuj...', 'a:5:{s:6:"_toke...')
#4 /Applications/XAMPP/xamppfiles/htdocs/makeage/vendor/laravel/framework/src/Illuminate/Session/Middleware/StartSession.php(88): Illuminate\Session\Store->save()
#5 /Applications/XAMPP/xamppfiles/htdocs/makeage/vendor/laravel/framework/src/Illuminate/Foundation/Http/Kernel.php(177): Illuminate\Session\Middleware\StartSession->terminate(Object(Illuminate\Http\Request), Object(Illuminate\Http\RedirectResponse))
#6 /Applications/XAMPP/xamppfiles/htdocs/makeage/public/index.php(57): Illuminate\Foundation\Http\Kernel->terminate(Object(Illuminate\Http\Request), Object(Illuminate\Http\RedirectResponse))
#7 {main}  
[2019-01-17 18:14:45] local.ERROR: ErrorException: file_put_contents(/Applications/XAMPP/xamppfiles/htdocs/makeage/storage/framework/sessions/wt6CinGCisYFVujxOYANDSGJrNolFtFd0onFtR1A): failed to open stream: Permission denied in /Applications/XAMPP/xamppfiles/htdocs/makeage/vendor/laravel/framework/src/Illuminate/Filesystem/Filesystem.php:111
Stack trace:
#0 [internal function]: Illuminate\Foundation\Bootstrap\HandleExceptions->handleError(2, 'file_put_conten...', '/Applications/X...', 111, Array)
#1 /Applications/XAMPP/xamppfiles/htdocs/makeage/vendor/laravel/framework/src/Illuminate/Filesystem/Filesystem.php(111): file_put_contents('/Applications/X...', 'a:5:{s:6:"_toke...', 2)
#2 /Applications/XAMPP/xamppfiles/htdocs/makeage/vendor/laravel/framework/src/Illuminate/Session/FileSessionHandler.php(83): Illuminate\Filesystem\Filesystem->put('/Applications/X...', 'a:5:{s:6:"_toke...', true)
#3 /Applications/XAMPP/xamppfiles/htdocs/makeage/vendor/laravel/framework/src/Illuminate/Session/Store.php(263): Illuminate\Session\FileSessionHandler->write('wt6CinGCisYFVuj...', 'a:5:{s:6:"_toke...')
#4 /Applications/XAMPP/xamppfiles/htdocs/makeage/vendor/laravel/framework/src/Illuminate/Session/Middleware/StartSession.php(88): Illuminate\Session\Store->save()
#5 /Applications/XAMPP/xamppfiles/htdocs/makeage/vendor/laravel/framework/src/Illuminate/Foundation/Http/Kernel.php(177): Illuminate\Session\Middleware\StartSession->terminate(Object(Illuminate\Http\Request), Object(Illuminate\Http\Response))
#6 /Applications/XAMPP/xamppfiles/htdocs/makeage/public/index.php(57): Illuminate\Foundation\Http\Kernel->terminate(Object(Illuminate\Http\Request), Object(Illuminate\Http\Response))
#7 {main}  
